{"meta": {"version": "5.0b2", "timestamp": "2019-11-18T17:24:58.400066", "branch_coverage": true, "show_contexts": false}, "files": {"getsql.py": {"executed_lines": [], "summary": {"covered_lines": 0, "num_statements": 6, "percent_covered": 0.0, "missing_lines": 6, "excluded_lines": 0, "num_branches": 4, "num_partial_branches": 0}, "missing_lines": [1, 3, 4, 6, 8, 9], "excluded_lines": []}, "speedsurprises/__init__.py": {"executed_lines": [1], "summary": {"covered_lines": 0, "num_statements": 0, "percent_covered": 100.0, "missing_lines": 0, "excluded_lines": 0, "num_branches": 0, "num_partial_branches": 0}, "missing_lines": [], "excluded_lines": []}, "speedsurprises/app.py": {"executed_lines": [], "summary": {"covered_lines": 0, "num_statements": 14, "percent_covered": 0.0, "missing_lines": 14, "excluded_lines": 0, "num_branches": 12, "num_partial_branches": 0}, "missing_lines": [5, 9, 19, 21, 23, 25, 27, 29, 31, 33, 35, 37, 41, 45], "excluded_lines": []}, "speedsurprises/boolean/booleancopies.py": {"executed_lines": [1, 3, 6, 8, 11, 12, 14, 17, 19, 22, 23, 25], "summary": {"covered_lines": 11, "num_statements": 11, "percent_covered": 100.0, "missing_lines": 0, "excluded_lines": 0, "num_branches": 4, "num_partial_branches": 0}, "missing_lines": [], "excluded_lines": []}, "speedsurprises/lists/sets.py": {"executed_lines": [1, 9, 13, 14, 15, 16, 17, 18, 19, 20, 21], "summary": {"covered_lines": 10, "num_statements": 10, "percent_covered": 100.0, "missing_lines": 0, "excluded_lines": 0, "num_branches": 8, "num_partial_branches": 0}, "missing_lines": [], "excluded_lines": []}, "speedsurprises/lists/sorting.py": {"executed_lines": [1, 9, 10, 11, 12, 13, 14, 15, 16, 17, 28, 30, 31, 32, 33, 34, 35, 36, 47, 49, 50, 51, 52, 54, 55, 57, 58, 59, 60, 61, 62, 63, 65, 66, 67, 69, 70, 71, 72, 74, 75, 76, 77, 78], "summary": {"covered_lines": 43, "num_statements": 43, "percent_covered": 100.0, "missing_lines": 0, "excluded_lines": 0, "num_branches": 20, "num_partial_branches": 0}, "missing_lines": [], "excluded_lines": []}, "speedsurprises/numbers/factorial.py": {"executed_lines": [1, 9, 12, 14, 15, 16, 17, 18, 21, 22, 23, 25, 28, 29, 30, 31, 32, 36, 46, 51, 56], "summary": {"covered_lines": 20, "num_statements": 32, "percent_covered": 63.63636363636363, "missing_lines": 12, "excluded_lines": 2, "num_branches": 12, "num_partial_branches": 2}, "missing_lines": [13, 40, 41, 43, 47, 48, 49, 52, 53, 54, 57, 58], "excluded_lines": [38, 39]}, "speedsurprises/numbers/fibonacci.py": {"executed_lines": [1, 8, 10, 11, 13, 16, 17, 18, 20, 21, 22, 23, 24, 25, 26], "summary": {"covered_lines": 14, "num_statements": 14, "percent_covered": 100.0, "missing_lines": 0, "excluded_lines": 0, "num_branches": 6, "num_partial_branches": 0}, "missing_lines": [], "excluded_lines": []}, "speedsurprises/numbers/squareroot.py": {"executed_lines": [1, 7, 10, 11, 12, 13, 14, 15, 16, 19, 22, 23, 24, 25, 26, 27, 29, 30, 31], "summary": {"covered_lines": 18, "num_statements": 18, "percent_covered": 100.0, "missing_lines": 0, "excluded_lines": 0, "num_branches": 8, "num_partial_branches": 0}, "missing_lines": [], "excluded_lines": []}, "speedsurprises/text/copies.py": {"executed_lines": [1, 6, 9, 11, 12, 15, 16, 18, 21, 23, 24, 27, 28, 30], "summary": {"covered_lines": 13, "num_statements": 13, "percent_covered": 100.0, "missing_lines": 0, "excluded_lines": 0, "num_branches": 4, "num_partial_branches": 0}, "missing_lines": [], "excluded_lines": []}, "speedsurprises/text/string_reverser.py": {"executed_lines": [1, 7, 8, 9, 10, 11], "summary": {"covered_lines": 5, "num_statements": 5, "percent_covered": 100.0, "missing_lines": 0, "excluded_lines": 0, "num_branches": 2, "num_partial_branches": 0}, "missing_lines": [], "excluded_lines": []}, "test.py": {"executed_lines": [], "summary": {"covered_lines": 0, "num_statements": 16, "percent_covered": 0.0, "missing_lines": 16, "excluded_lines": 0, "num_branches": 2, "num_partial_branches": 0}, "missing_lines": [5, 7, 11, 17, 21, 23, 25, 28, 32, 34, 56, 60, 62, 68, 72, 74], "excluded_lines": []}, "tests/__init__.py": {"executed_lines": [1], "summary": {"covered_lines": 0, "num_statements": 0, "percent_covered": 100.0, "missing_lines": 0, "excluded_lines": 0, "num_branches": 0, "num_partial_branches": 0}, "missing_lines": [], "excluded_lines": []}, "tests/conftest.py": {"executed_lines": [1, 3, 4, 9, 10], "summary": {"covered_lines": 4, "num_statements": 4, "percent_covered": 100.0, "missing_lines": 0, "excluded_lines": 0, "num_branches": 0, "num_partial_branches": 0}, "missing_lines": [], "excluded_lines": []}, "tests/test_b_copies_of.py": {"executed_lines": [1, 3, 5, 7, 10, 13, 16, 17, 20, 31, 32, 33, 36, 38, 39, 40], "summary": {"covered_lines": 15, "num_statements": 15, "percent_covered": 100.0, "missing_lines": 0, "excluded_lines": 0, "num_branches": 0, "num_partial_branches": 0}, "missing_lines": [], "excluded_lines": []}, "tests/test_b_copies_oft.py": {"executed_lines": [1, 3, 5, 8, 11, 12, 13, 16, 21, 22, 23, 26, 28, 29, 30], "summary": {"covered_lines": 14, "num_statements": 14, "percent_covered": 100.0, "missing_lines": 0, "excluded_lines": 0, "num_branches": 0, "num_partial_branches": 0}, "missing_lines": [], "excluded_lines": []}, "tests/test_copies_of.py": {"executed_lines": [1, 3, 5, 6, 7, 8, 9, 11, 13, 16, 19, 22, 23, 26, 28, 29, 32, 33, 34, 35, 36, 39, 50, 51, 52, 55, 57, 58, 59], "summary": {"covered_lines": 28, "num_statements": 28, "percent_covered": 100.0, "missing_lines": 0, "excluded_lines": 0, "num_branches": 0, "num_partial_branches": 0}, "missing_lines": [], "excluded_lines": []}, "tests/test_copies_ofc.py": {"executed_lines": [1, 3, 5, 6, 7, 8, 10, 13, 16, 17, 18, 21, 22, 23, 26, 27, 28, 29, 30, 33, 38, 39, 40, 43, 45, 46, 47], "summary": {"covered_lines": 26, "num_statements": 26, "percent_covered": 100.0, "missing_lines": 0, "excluded_lines": 0, "num_branches": 0, "num_partial_branches": 0}, "missing_lines": [], "excluded_lines": []}, "tests/test_factorial.py": {"executed_lines": [1, 3, 5, 6, 7, 8, 10, 13, 16, 17, 20, 23, 24, 27, 30, 31, 34, 35, 36, 39, 40, 41, 42, 43, 44, 45, 56, 62, 63, 64, 65, 70, 72, 73, 74, 75], "summary": {"covered_lines": 35, "num_statements": 47, "percent_covered": 74.46808510638297, "missing_lines": 12, "excluded_lines": 0, "num_branches": 0, "num_partial_branches": 0}, "missing_lines": [46, 47, 48, 49, 50, 51, 52, 53, 66, 67, 76, 77], "excluded_lines": []}, "tests/test_fibonacci.py": {"executed_lines": [1, 5, 7, 8, 9, 10, 12, 15, 18, 19, 22, 25, 26, 29, 30, 31, 34, 35, 36, 39, 42, 43, 44, 45, 47, 51, 52, 53, 55, 61, 67, 68, 69, 70, 73, 75, 76, 77, 78], "summary": {"covered_lines": 38, "num_statements": 38, "percent_covered": 100.0, "missing_lines": 0, "excluded_lines": 0, "num_branches": 4, "num_partial_branches": 0}, "missing_lines": [], "excluded_lines": []}, "tests/test_issubset.py": {"executed_lines": [1, 3, 5, 6, 7, 8, 9, 11, 14, 17, 20, 23, 27, 28, 31, 32, 33, 34, 35, 38, 42, 43, 46, 47, 48, 50, 51, 53, 54, 57, 63, 64, 67, 69, 70], "summary": {"covered_lines": 34, "num_statements": 34, "percent_covered": 100.0, "missing_lines": 0, "excluded_lines": 0, "num_branches": 2, "num_partial_branches": 0}, "missing_lines": [], "excluded_lines": []}, "tests/test_sorting.py": {"executed_lines": [1, 3, 5, 6, 7, 8, 9, 11, 14, 17, 18, 21, 22, 23, 26, 27, 28, 31, 37, 38, 41, 43, 44, 47, 50, 51, 54, 55, 56, 60, 61, 62, 65, 71, 72, 75, 81, 82, 85, 88, 89, 92, 93, 94, 98, 99, 100, 103, 109, 110, 113, 119, 120], "summary": {"covered_lines": 52, "num_statements": 52, "percent_covered": 100.0, "missing_lines": 0, "excluded_lines": 0, "num_branches": 0, "num_partial_branches": 0}, "missing_lines": [], "excluded_lines": []}, "tests/test_squareroot.py": {"executed_lines": [1, 3, 5, 6, 7, 8, 9, 12, 15, 18, 21, 24, 27, 30, 34, 35, 38, 41, 47, 49, 50, 51, 54, 58, 61, 63, 64, 65, 68, 72, 75, 77, 78, 79, 80], "summary": {"covered_lines": 34, "num_statements": 34, "percent_covered": 100.0, "missing_lines": 0, "excluded_lines": 0, "num_branches": 0, "num_partial_branches": 0}, "missing_lines": [], "excluded_lines": []}, "tests/test_string_reverser.py": {"executed_lines": [1, 3, 5, 8, 11, 14, 15, 18, 27, 28, 31, 33, 34], "summary": {"covered_lines": 12, "num_statements": 12, "percent_covered": 100.0, "missing_lines": 0, "excluded_lines": 0, "num_branches": 0, "num_partial_branches": 0}, "missing_lines": [], "excluded_lines": []}}, "totals": {"covered_lines": 426, "num_statements": 486, "percent_covered": 85.71428571428571, "missing_lines": 60, "excluded_lines": 2, "num_branches": 88, "num_partial_branches": 2}}